<?xml version="1.0" encoding="UTF-8"?>
<testsuite xmlns:xsi="http://www.w3.org/2001/XMLSchema-instance" xsi:noNamespaceSchemaLocation="https://maven.apache.org/surefire/maven-surefire-plugin/xsd/surefire-test-report-3.0.xsd" version="3.0" name="com.example.graphql_service.GraphqlServiceApplicationTests" time="7.721" tests="1" errors="0" skipped="0" failures="0">
  <properties>
[...]
</properties>
  <testcase name="contextLoads" classname="com.example.graphql_service.GraphqlServiceApplicationTests" time="2.411">
    <system-out><![CDATA[18:10:59.956 [main] INFO org.springframework.test.context.support.AnnotationConfigContextLoaderUtils -- Could not detect default configuration classes for test class [com.example.graphql_service.GraphqlServiceApplicationTests]: GraphqlServiceApplicationTests does not declare any static, non-private, non-final, nested classes annotated with @Configuration.
18:11:00.191 [main] INFO org.springframework.boot.test.context.SpringBootTestContextBootstrapper -- Found @SpringBootConfiguration com.example.graphql_service.GraphqlServiceApplication for test class com.example.graphql_service.GraphqlServiceApplicationTests

  .   ____          _            __ _ _
 /\\ / ___'_ __ _ _(_)_ __  __ _ \ \ \ \
( ( )\___ | '_ | '_| | '_ \/ _` | \ \ \ \
 \\/  ___)| |_)| | | | | || (_| |  ) ) ) )
  '  |____| .__|_| |_|_| |_\__, | / / / /
 =========|_|==============|___/=/_/_/_/

 :: Spring Boot ::                (v3.3.2)

2025-11-07T18:11:01.166+01:00  INFO 8332 --- [graphql-service] [           main] c.e.g.GraphqlServiceApplicationTests     : Starting GraphqlServiceApplicationTests using Java 23.0.1 with PID 8332 (started by hp in C:\Miniprojet\graphql_service)
2025-11-07T18:11:01.168+01:00  INFO 8332 --- [graphql-service] [           main] c.e.g.GraphqlServiceApplicationTests     : No active profile set, falling back to 1 default profile: "default"
2025-11-07T18:11:04.018+01:00  INFO 8332 --- [graphql-service] [           main] efaultSchemaResourceGraphQlSourceBuilder : Loaded 1 resource(s) in the GraphQL schema.
2025-11-07T18:11:04.526+01:00  INFO 8332 --- [graphql-service] [           main] o.s.b.a.g.GraphQlAutoConfiguration       : GraphQL schema inspection:
	Unmapped fields: {Student=[id, firstName, lastName, email], Course=[id, name, instructor, category, schedule]}
	Unmapped registrations: {}
	Unmapped arguments: {}
	Skipped types: []
2025-11-07T18:11:04.633+01:00  INFO 8332 --- [graphql-service] [           main] s.b.a.g.s.GraphQlWebMvcAutoConfiguration : GraphQL endpoint HTTP POST /graphql
2025-11-07T18:11:04.866+01:00  INFO 8332 --- [graphql-service] [           main] c.e.g.GraphqlServiceApplicationTests     : Started GraphqlServiceApplicationTests in 4.386 seconds (process running for 7.229)
]]></system-out>
    <system-err><![CDATA[WARNING: A Java agent has been loaded dynamically (C:\Users\hp\.m2\repository\net\bytebuddy\byte-buddy-agent\1.14.18\byte-buddy-agent-1.14.18.jar)
WARNING: If a serviceability tool is in use, please run with -XX:+EnableDynamicAgentLoading to hide this warning
WARNING: If a serviceability tool is not in use, please run with -Djdk.instrument.traceUsage for more information
WARNING: Dynamic loading of agents will be disallowed by default in a future release
]]></system-err>
  </testcase>
</testsuite>